<?xml version="1.0" encoding="UTF-8"?>
<!-- Generated by org.testng.reporters.JUnitReportReporter -->
<testsuite hostname="Ranjeet-MacBook-Pro.local" failures="0" tests="5" name="Com.internetbaning.TestCases.TC_LoginDataTest_004" time="119.008" errors="0" timestamp="2022-12-06T19:34:36 IST" skipped="0">
  <testcase classname="Com.internetbaning.TestCases.TC_LoginDataTest_004" name="LoginData" time="21.295"/>
  <system-out/>
  <testcase classname="Com.internetbaning.TestCases.TC_LoginDataTest_004" name="LoginData" time="19.937"/>
  <system-out/>
  <testcase classname="Com.internetbaning.TestCases.TC_LoginDataTest_004" name="LoginData" time="22.467"/>
  <system-out/>
  <testcase classname="Com.internetbaning.TestCases.TC_LoginDataTest_004" name="LoginData" time="24.390"/>
  <system-out/>
  <testcase classname="Com.internetbaning.TestCases.TC_LoginDataTest_004" name="LoginData" time="30.919"/>
  <system-out/>
</testsuite> <!-- Com.internetbaning.TestCases.TC_LoginDataTest_004 -->
