<?xml version="1.0" encoding="UTF-8"?>
<!-- Generated by org.testng.reporters.JUnitReportReporter -->
<testsuite hostname="Ranjeet-MacBook-Pro.local" failures="0" tests="1" name="Com.internetbaning.TestCases.NewCutomerTest" time="50.577" errors="0" timestamp="2022-12-06T19:34:36 IST" skipped="0">
  <testcase classname="Com.internetbaning.TestCases.NewCutomerTest" name="AddnewCutomer" time="50.577"/>
  <system-out/>
</testsuite> <!-- Com.internetbaning.TestCases.NewCutomerTest -->
